2018-07-28 20:42:59,561 - ht2/train.log - INFO - model_type     :	bilstm
2018-07-28 20:42:59,561 - ht2/train.log - INFO - num_chars      :	3414
2018-07-28 20:42:59,561 - ht2/train.log - INFO - char_dim       :	100
2018-07-28 20:42:59,561 - ht2/train.log - INFO - num_tags       :	12
2018-07-28 20:42:59,561 - ht2/train.log - INFO - seg_dim        :	20
2018-07-28 20:42:59,561 - ht2/train.log - INFO - lstm_dim       :	100
2018-07-28 20:42:59,561 - ht2/train.log - INFO - batch_size     :	20
2018-07-28 20:42:59,561 - ht2/train.log - INFO - emb_file       :	../word_embeding/char.vec
2018-07-28 20:42:59,561 - ht2/train.log - INFO - clip           :	5.0
2018-07-28 20:42:59,561 - ht2/train.log - INFO - dropout_keep   :	0.5
2018-07-28 20:42:59,562 - ht2/train.log - INFO - optimizer      :	adam
2018-07-28 20:42:59,562 - ht2/train.log - INFO - lr             :	0.001
2018-07-28 20:42:59,562 - ht2/train.log - INFO - tag_schema     :	iobes
2018-07-28 20:42:59,562 - ht2/train.log - INFO - pre_emb        :	True
2018-07-28 20:42:59,562 - ht2/train.log - INFO - zeros          :	False
2018-07-28 20:42:59,562 - ht2/train.log - INFO - lower          :	True
2018-07-28 20:43:01,402 - ht2/train.log - INFO - Created model with fresh parameters.
2018-07-28 20:43:02,452 - ht2/train.log - INFO - Load pre-trained embedding.
2018-07-28 20:43:02,452 - ht2/train.log - INFO - start training
2018-07-28 20:43:08,234 - ht2/train.log - INFO - iteration:1 step:100/2948, NER loss:25.762087
2018-07-28 20:43:13,282 - ht2/train.log - INFO - iteration:1 step:200/2948, NER loss:12.511880
2018-07-28 20:43:18,331 - ht2/train.log - INFO - iteration:1 step:300/2948, NER loss:10.061255
2018-07-28 20:43:23,565 - ht2/train.log - INFO - iteration:1 step:400/2948, NER loss: 7.683991
2018-07-28 20:43:28,467 - ht2/train.log - INFO - iteration:1 step:500/2948, NER loss: 6.024244
2018-07-28 20:43:33,176 - ht2/train.log - INFO - iteration:1 step:600/2948, NER loss: 4.763347
2018-07-28 20:43:38,773 - ht2/train.log - INFO - iteration:1 step:700/2948, NER loss: 6.046508
2018-07-28 20:43:43,337 - ht2/train.log - INFO - iteration:1 step:800/2948, NER loss: 3.456305
2018-07-28 20:43:47,999 - ht2/train.log - INFO - iteration:1 step:900/2948, NER loss: 4.730045
2018-07-28 20:43:53,021 - ht2/train.log - INFO - iteration:1 step:1000/2948, NER loss: 4.451309
2018-07-28 20:43:58,148 - ht2/train.log - INFO - iteration:1 step:1100/2948, NER loss: 4.678779
2018-07-28 20:44:02,950 - ht2/train.log - INFO - iteration:1 step:1200/2948, NER loss: 3.009115
2018-07-28 20:44:08,145 - ht2/train.log - INFO - iteration:1 step:1300/2948, NER loss: 3.471570
2018-07-28 20:44:13,340 - ht2/train.log - INFO - iteration:1 step:1400/2948, NER loss: 3.980312
2018-07-28 20:44:18,496 - ht2/train.log - INFO - iteration:1 step:1500/2948, NER loss: 3.320443
2018-07-28 20:44:23,981 - ht2/train.log - INFO - iteration:1 step:1600/2948, NER loss: 3.128998
2018-07-28 20:44:28,654 - ht2/train.log - INFO - iteration:1 step:1700/2948, NER loss: 2.651904
2018-07-28 20:44:34,195 - ht2/train.log - INFO - iteration:1 step:1800/2948, NER loss: 3.010236
2018-07-28 20:44:38,901 - ht2/train.log - INFO - iteration:1 step:1900/2948, NER loss: 1.899851
2018-07-28 20:44:43,731 - ht2/train.log - INFO - iteration:1 step:2000/2948, NER loss: 2.582294
2018-07-28 20:44:47,962 - ht2/train.log - INFO - iteration:1 step:2100/2948, NER loss: 1.485066
2018-07-28 20:44:52,877 - ht2/train.log - INFO - iteration:1 step:2200/2948, NER loss: 2.277897
2018-07-28 20:44:57,708 - ht2/train.log - INFO - iteration:1 step:2300/2948, NER loss: 2.309160
2018-07-28 20:45:02,310 - ht2/train.log - INFO - iteration:1 step:2400/2948, NER loss: 1.409342
2018-07-28 20:45:06,974 - ht2/train.log - INFO - iteration:1 step:2500/2948, NER loss: 1.958516
2018-07-28 20:45:11,493 - ht2/train.log - INFO - iteration:1 step:2600/2948, NER loss: 1.387240
2018-07-28 20:45:16,014 - ht2/train.log - INFO - iteration:1 step:2700/2948, NER loss: 1.690801
2018-07-28 20:45:21,073 - ht2/train.log - INFO - iteration:1 step:2800/2948, NER loss: 1.589490
2018-07-28 20:45:26,301 - ht2/train.log - INFO - iteration:1 step:2900/2948, NER loss: 1.453194
2018-07-28 20:45:28,498 - ht2/train.log - INFO - evaluate:dev
2018-07-28 20:45:35,344 - ht2/train.log - INFO - processed 217554 tokens with 731 phrases; found: 615 phrases; correct: 368.

2018-07-28 20:45:35,344 - ht2/train.log - INFO - accuracy:  96.55%; precision:  59.84%; recall:  50.34%; FB1:  54.68

2018-07-28 20:45:35,344 - ht2/train.log - INFO -                HT: precision:  60.19%; recall:  51.18%; FB1:  55.32  108

2018-07-28 20:45:35,344 - ht2/train.log - INFO -               ORG: precision:  70.69%; recall:  41.62%; FB1:  52.40  232

2018-07-28 20:45:35,344 - ht2/train.log - INFO -                XM: precision:  50.55%; recall:  66.19%; FB1:  57.32  275

2018-07-28 20:45:35,408 - ht2/train.log - INFO - new best dev f1 score:54.680
2018-07-28 20:45:35,651 - ht2/train.log - INFO - model saved
2018-07-28 20:45:38,130 - ht2/train.log - INFO - iteration:2 step:52/2948, NER loss: 1.371315
2018-07-28 20:45:43,278 - ht2/train.log - INFO - iteration:2 step:152/2948, NER loss: 1.398976
2018-07-28 20:45:48,708 - ht2/train.log - INFO - iteration:2 step:252/2948, NER loss: 1.600986
2018-07-28 20:45:53,287 - ht2/train.log - INFO - iteration:2 step:352/2948, NER loss: 1.251275
2018-07-28 20:45:58,113 - ht2/train.log - INFO - iteration:2 step:452/2948, NER loss: 1.303867
2018-07-28 20:46:03,085 - ht2/train.log - INFO - iteration:2 step:552/2948, NER loss: 1.442440
2018-07-28 20:46:08,449 - ht2/train.log - INFO - iteration:2 step:652/2948, NER loss: 1.489197
2018-07-28 20:46:12,940 - ht2/train.log - INFO - iteration:2 step:752/2948, NER loss: 0.979893
2018-07-28 20:46:18,320 - ht2/train.log - INFO - iteration:2 step:852/2948, NER loss: 1.367257
2018-07-28 20:46:23,208 - ht2/train.log - INFO - iteration:2 step:952/2948, NER loss: 1.367713
2018-07-28 20:46:27,974 - ht2/train.log - INFO - iteration:2 step:1052/2948, NER loss: 1.283761
2018-07-28 20:46:32,763 - ht2/train.log - INFO - iteration:2 step:1152/2948, NER loss: 1.033577
2018-07-28 20:46:37,516 - ht2/train.log - INFO - iteration:2 step:1252/2948, NER loss: 0.892793
2018-07-28 20:46:43,173 - ht2/train.log - INFO - iteration:2 step:1352/2948, NER loss: 1.169862
2018-07-28 20:46:48,082 - ht2/train.log - INFO - iteration:2 step:1452/2948, NER loss: 1.046163
2018-07-28 20:46:52,572 - ht2/train.log - INFO - iteration:2 step:1552/2948, NER loss: 0.916864
2018-07-28 20:46:57,455 - ht2/train.log - INFO - iteration:2 step:1652/2948, NER loss: 0.911793
2018-07-28 20:47:02,928 - ht2/train.log - INFO - iteration:2 step:1752/2948, NER loss: 1.326622
2018-07-28 20:47:08,428 - ht2/train.log - INFO - iteration:2 step:1852/2948, NER loss: 1.290977
2018-07-28 20:47:13,624 - ht2/train.log - INFO - iteration:2 step:1952/2948, NER loss: 1.043856
2018-07-28 20:47:18,578 - ht2/train.log - INFO - iteration:2 step:2052/2948, NER loss: 1.079756
2018-07-28 20:47:23,284 - ht2/train.log - INFO - iteration:2 step:2152/2948, NER loss: 0.643548
2018-07-28 20:47:28,259 - ht2/train.log - INFO - iteration:2 step:2252/2948, NER loss: 0.693032
2018-07-28 20:47:32,952 - ht2/train.log - INFO - iteration:2 step:2352/2948, NER loss: 0.766094
2018-07-28 20:47:37,510 - ht2/train.log - INFO - iteration:2 step:2452/2948, NER loss: 0.687459
2018-07-28 20:47:42,892 - ht2/train.log - INFO - iteration:2 step:2552/2948, NER loss: 0.997605
2018-07-28 20:47:47,678 - ht2/train.log - INFO - iteration:2 step:2652/2948, NER loss: 0.858949
2018-07-28 20:47:52,673 - ht2/train.log - INFO - iteration:2 step:2752/2948, NER loss: 0.665379
2018-07-28 20:47:57,518 - ht2/train.log - INFO - iteration:2 step:2852/2948, NER loss: 0.917668
2018-07-28 20:48:02,435 - ht2/train.log - INFO - evaluate:dev
2018-07-28 20:48:09,365 - ht2/train.log - INFO - processed 217554 tokens with 731 phrases; found: 598 phrases; correct: 323.

2018-07-28 20:48:09,365 - ht2/train.log - INFO - accuracy:  95.52%; precision:  54.01%; recall:  44.19%; FB1:  48.61

2018-07-28 20:48:09,365 - ht2/train.log - INFO -                HT: precision:  50.00%; recall:  82.68%; FB1:  62.31  210

2018-07-28 20:48:09,365 - ht2/train.log - INFO -               ORG: precision:  70.89%; recall:  14.21%; FB1:  23.68  79

2018-07-28 20:48:09,365 - ht2/train.log - INFO -                XM: precision:  52.43%; recall:  77.14%; FB1:  62.43  309

2018-07-28 20:48:09,694 - ht2/train.log - INFO - iteration:3 step:4/2948, NER loss: 0.856628
2018-07-28 20:48:14,217 - ht2/train.log - INFO - iteration:3 step:104/2948, NER loss: 0.673576
2018-07-28 20:48:19,941 - ht2/train.log - INFO - iteration:3 step:204/2948, NER loss: 0.820157
2018-07-28 20:48:24,708 - ht2/train.log - INFO - iteration:3 step:304/2948, NER loss: 0.736063
2018-07-28 20:48:29,915 - ht2/train.log - INFO - iteration:3 step:404/2948, NER loss: 0.809176
2018-07-28 20:48:34,954 - ht2/train.log - INFO - iteration:3 step:504/2948, NER loss: 0.587760
2018-07-28 20:48:40,019 - ht2/train.log - INFO - iteration:3 step:604/2948, NER loss: 0.690728
2018-07-28 20:48:45,613 - ht2/train.log - INFO - iteration:3 step:704/2948, NER loss: 0.905998
2018-07-28 20:48:50,287 - ht2/train.log - INFO - iteration:3 step:804/2948, NER loss: 0.581531
2018-07-28 20:48:55,462 - ht2/train.log - INFO - iteration:3 step:904/2948, NER loss: 0.595682
2018-07-28 20:49:00,797 - ht2/train.log - INFO - iteration:3 step:1004/2948, NER loss: 0.683263
2018-07-28 20:49:05,653 - ht2/train.log - INFO - iteration:3 step:1104/2948, NER loss: 0.578541
2018-07-28 20:49:10,453 - ht2/train.log - INFO - iteration:3 step:1204/2948, NER loss: 0.611356
2018-07-28 20:49:15,577 - ht2/train.log - INFO - iteration:3 step:1304/2948, NER loss: 0.683239
2018-07-28 20:49:20,792 - ht2/train.log - INFO - iteration:3 step:1404/2948, NER loss: 0.800339
2018-07-28 20:49:25,997 - ht2/train.log - INFO - iteration:3 step:1504/2948, NER loss: 0.726407
2018-07-28 20:49:30,536 - ht2/train.log - INFO - iteration:3 step:1604/2948, NER loss: 0.486167
2018-07-28 20:49:35,700 - ht2/train.log - INFO - iteration:3 step:1704/2948, NER loss: 0.598690
2018-07-28 20:49:40,416 - ht2/train.log - INFO - iteration:3 step:1804/2948, NER loss: 0.607754
2018-07-28 20:49:45,050 - ht2/train.log - INFO - iteration:3 step:1904/2948, NER loss: 0.505230
2018-07-28 20:49:49,409 - ht2/train.log - INFO - iteration:3 step:2004/2948, NER loss: 0.372256
2018-07-28 20:49:54,281 - ht2/train.log - INFO - iteration:3 step:2104/2948, NER loss: 0.500998
2018-07-28 20:49:58,852 - ht2/train.log - INFO - iteration:3 step:2204/2948, NER loss: 0.440883
2018-07-28 20:50:04,102 - ht2/train.log - INFO - iteration:3 step:2304/2948, NER loss: 0.542255
2018-07-28 20:50:08,930 - ht2/train.log - INFO - iteration:3 step:2404/2948, NER loss: 0.600272
2018-07-28 20:50:14,404 - ht2/train.log - INFO - iteration:3 step:2504/2948, NER loss: 0.455866
2018-07-28 20:50:20,819 - ht2/train.log - INFO - iteration:3 step:2604/2948, NER loss: 0.461708
2018-07-28 20:50:25,425 - ht2/train.log - INFO - iteration:3 step:2704/2948, NER loss: 0.506364
2018-07-28 20:50:29,964 - ht2/train.log - INFO - iteration:3 step:2804/2948, NER loss: 0.370345
2018-07-28 20:50:34,827 - ht2/train.log - INFO - iteration:3 step:2904/2948, NER loss: 0.325754
2018-07-28 20:50:36,896 - ht2/train.log - INFO - evaluate:dev
2018-07-28 20:50:43,936 - ht2/train.log - INFO - processed 217554 tokens with 731 phrases; found: 567 phrases; correct: 395.

2018-07-28 20:50:43,936 - ht2/train.log - INFO - accuracy:  96.69%; precision:  69.66%; recall:  54.04%; FB1:  60.86

2018-07-28 20:50:43,936 - ht2/train.log - INFO -                HT: precision:  73.04%; recall:  66.14%; FB1:  69.42  115

2018-07-28 20:50:43,936 - ht2/train.log - INFO -               ORG: precision:  70.26%; recall:  47.97%; FB1:  57.01  269

2018-07-28 20:50:43,936 - ht2/train.log - INFO -                XM: precision:  66.67%; recall:  58.10%; FB1:  62.09  183

2018-07-28 20:50:43,979 - ht2/train.log - INFO - new best dev f1 score:60.860
2018-07-28 20:50:44,127 - ht2/train.log - INFO - model saved
2018-07-28 20:50:46,572 - ht2/train.log - INFO - iteration:4 step:56/2948, NER loss: 0.395714
2018-07-28 20:50:51,962 - ht2/train.log - INFO - iteration:4 step:156/2948, NER loss: 0.537936
2018-07-28 20:50:56,753 - ht2/train.log - INFO - iteration:4 step:256/2948, NER loss: 0.385772
2018-07-28 20:51:31,476 - ht2/train.log - INFO - iteration:4 step:356/2948, NER loss: 0.423196
2018-07-28 20:51:35,123 - ht2/train.log - INFO - iteration:4 step:456/2948, NER loss: 0.320953
2018-07-28 20:51:39,418 - ht2/train.log - INFO - iteration:4 step:556/2948, NER loss: 0.556367
2018-07-28 20:51:42,985 - ht2/train.log - INFO - iteration:4 step:656/2948, NER loss: 0.469217
2018-07-28 20:51:46,828 - ht2/train.log - INFO - iteration:4 step:756/2948, NER loss: 0.446340
2018-07-28 20:51:51,193 - ht2/train.log - INFO - iteration:4 step:856/2948, NER loss: 0.410224
2018-07-28 20:51:55,072 - ht2/train.log - INFO - iteration:4 step:956/2948, NER loss: 0.307096
2018-07-28 20:51:59,616 - ht2/train.log - INFO - iteration:4 step:1056/2948, NER loss: 0.519886
2018-07-28 20:52:03,899 - ht2/train.log - INFO - iteration:4 step:1156/2948, NER loss: 0.475125
2018-07-28 20:52:08,206 - ht2/train.log - INFO - iteration:4 step:1256/2948, NER loss: 0.400711
2018-07-28 20:52:12,596 - ht2/train.log - INFO - iteration:4 step:1356/2948, NER loss: 0.421192
2018-07-28 20:52:17,011 - ht2/train.log - INFO - iteration:4 step:1456/2948, NER loss: 0.486998
2018-07-28 20:52:21,192 - ht2/train.log - INFO - iteration:4 step:1556/2948, NER loss: 0.326287
2018-07-28 20:52:26,205 - ht2/train.log - INFO - iteration:4 step:1656/2948, NER loss: 0.598497
2018-07-28 20:52:30,208 - ht2/train.log - INFO - iteration:4 step:1756/2948, NER loss: 0.370204
2018-07-28 20:52:33,677 - ht2/train.log - INFO - iteration:4 step:1856/2948, NER loss: 0.283941
2018-07-28 20:52:38,137 - ht2/train.log - INFO - iteration:4 step:1956/2948, NER loss: 0.517076
2018-07-28 20:52:41,671 - ht2/train.log - INFO - iteration:4 step:2056/2948, NER loss: 0.293386
2018-07-28 20:52:45,089 - ht2/train.log - INFO - iteration:4 step:2156/2948, NER loss: 0.349106
2018-07-28 20:52:49,894 - ht2/train.log - INFO - iteration:4 step:2256/2948, NER loss: 0.638396
2018-07-28 20:52:53,359 - ht2/train.log - INFO - iteration:4 step:2356/2948, NER loss: 0.298421
2018-07-28 20:52:57,374 - ht2/train.log - INFO - iteration:4 step:2456/2948, NER loss: 0.385424
2018-07-28 20:53:01,625 - ht2/train.log - INFO - iteration:4 step:2556/2948, NER loss: 0.515726
2018-07-28 20:53:05,868 - ht2/train.log - INFO - iteration:4 step:2656/2948, NER loss: 0.346458
2018-07-28 20:53:09,844 - ht2/train.log - INFO - iteration:4 step:2756/2948, NER loss: 0.317300
2018-07-28 20:53:14,797 - ht2/train.log - INFO - iteration:4 step:2856/2948, NER loss: 0.433789
2018-07-28 20:53:19,097 - ht2/train.log - INFO - evaluate:dev
2018-07-28 20:53:24,719 - ht2/train.log - INFO - processed 217554 tokens with 731 phrases; found: 797 phrases; correct: 492.

2018-07-28 20:53:24,719 - ht2/train.log - INFO - accuracy:  96.63%; precision:  61.73%; recall:  67.31%; FB1:  64.40

2018-07-28 20:53:24,719 - ht2/train.log - INFO -                HT: precision:  80.30%; recall:  41.73%; FB1:  54.92  66

2018-07-28 20:53:24,719 - ht2/train.log - INFO -               ORG: precision:  59.51%; recall:  73.86%; FB1:  65.91  489

2018-07-28 20:53:24,719 - ht2/train.log - INFO -                XM: precision:  61.16%; recall:  70.48%; FB1:  65.49  242

2018-07-28 20:53:24,796 - ht2/train.log - INFO - new best dev f1 score:64.400
2018-07-28 20:53:24,999 - ht2/train.log - INFO - model saved
2018-07-28 20:53:25,388 - ht2/train.log - INFO - iteration:5 step:8/2948, NER loss: 0.435158
2018-07-28 20:53:29,287 - ht2/train.log - INFO - iteration:5 step:108/2948, NER loss: 0.312450
2018-07-28 20:53:33,140 - ht2/train.log - INFO - iteration:5 step:208/2948, NER loss: 0.403540
2018-07-28 20:53:37,327 - ht2/train.log - INFO - iteration:5 step:308/2948, NER loss: 0.309168
2018-07-28 20:53:41,340 - ht2/train.log - INFO - iteration:5 step:408/2948, NER loss: 0.268947
2018-07-28 20:53:45,405 - ht2/train.log - INFO - iteration:5 step:508/2948, NER loss: 0.264461
2018-07-28 20:53:49,779 - ht2/train.log - INFO - iteration:5 step:608/2948, NER loss: 0.357047
2018-07-28 20:53:54,196 - ht2/train.log - INFO - iteration:5 step:708/2948, NER loss: 0.373564
2018-07-28 20:53:58,522 - ht2/train.log - INFO - iteration:5 step:808/2948, NER loss: 0.358281
2018-07-28 20:54:03,203 - ht2/train.log - INFO - iteration:5 step:908/2948, NER loss: 0.363087
2018-07-28 20:54:07,227 - ht2/train.log - INFO - iteration:5 step:1008/2948, NER loss: 0.305043
2018-07-28 20:54:11,307 - ht2/train.log - INFO - iteration:5 step:1108/2948, NER loss: 0.309091
2018-07-28 20:54:15,744 - ht2/train.log - INFO - iteration:5 step:1208/2948, NER loss: 0.362243
2018-07-28 20:54:20,145 - ht2/train.log - INFO - iteration:5 step:1308/2948, NER loss: 0.447367
2018-07-28 20:54:24,670 - ht2/train.log - INFO - iteration:5 step:1408/2948, NER loss: 0.329340
2018-07-28 20:54:28,599 - ht2/train.log - INFO - iteration:5 step:1508/2948, NER loss: 0.324625
2018-07-28 20:54:33,121 - ht2/train.log - INFO - iteration:5 step:1608/2948, NER loss: 0.370374
2018-07-28 20:54:37,436 - ht2/train.log - INFO - iteration:5 step:1708/2948, NER loss: 0.362277
2018-07-28 20:54:41,905 - ht2/train.log - INFO - iteration:5 step:1808/2948, NER loss: 0.337313
2018-07-28 20:54:46,369 - ht2/train.log - INFO - iteration:5 step:1908/2948, NER loss: 0.288954
2018-07-28 20:54:50,946 - ht2/train.log - INFO - iteration:5 step:2008/2948, NER loss: 0.287123
2018-07-28 20:54:55,855 - ht2/train.log - INFO - iteration:5 step:2108/2948, NER loss: 0.314767
2018-07-28 20:55:00,760 - ht2/train.log - INFO - iteration:5 step:2208/2948, NER loss: 0.280405
2018-07-28 20:55:08,285 - ht2/train.log - INFO - iteration:5 step:2308/2948, NER loss: 0.469552
2018-07-28 20:55:18,062 - ht2/train.log - INFO - iteration:5 step:2408/2948, NER loss: 0.309831
2018-07-28 20:55:30,367 - ht2/train.log - INFO - iteration:5 step:2508/2948, NER loss: 0.328700
2018-07-28 20:55:41,768 - ht2/train.log - INFO - iteration:5 step:2608/2948, NER loss: 0.249082
2018-07-28 20:55:50,905 - ht2/train.log - INFO - iteration:5 step:2708/2948, NER loss: 0.275971
2018-07-28 20:56:02,794 - ht2/train.log - INFO - iteration:5 step:2808/2948, NER loss: 0.345249
2018-07-28 20:56:11,750 - ht2/train.log - INFO - iteration:5 step:2908/2948, NER loss: 0.271957
2018-07-28 20:56:15,823 - ht2/train.log - INFO - evaluate:dev
2018-07-28 20:56:29,435 - ht2/train.log - INFO - processed 217554 tokens with 731 phrases; found: 958 phrases; correct: 563.

2018-07-28 20:56:29,435 - ht2/train.log - INFO - accuracy:  96.55%; precision:  58.77%; recall:  77.02%; FB1:  66.67

2018-07-28 20:56:29,435 - ht2/train.log - INFO -                HT: precision:  57.87%; recall:  81.10%; FB1:  67.54  178

2018-07-28 20:56:29,435 - ht2/train.log - INFO -               ORG: precision:  57.33%; recall:  78.43%; FB1:  66.24  539

2018-07-28 20:56:29,435 - ht2/train.log - INFO -                XM: precision:  62.66%; recall:  71.90%; FB1:  66.96  241

2018-07-28 20:56:29,488 - ht2/train.log - INFO - new best dev f1 score:66.670
2018-07-28 20:56:29,660 - ht2/train.log - INFO - model saved
2018-07-28 20:56:34,802 - ht2/train.log - INFO - iteration:6 step:60/2948, NER loss: 0.282806
2018-07-28 20:56:41,074 - ht2/train.log - INFO - iteration:6 step:160/2948, NER loss: 0.290802
2018-07-28 20:56:46,058 - ht2/train.log - INFO - iteration:6 step:260/2948, NER loss: 0.370593
2018-07-28 20:56:51,281 - ht2/train.log - INFO - iteration:6 step:360/2948, NER loss: 0.297044
2018-07-28 20:56:56,100 - ht2/train.log - INFO - iteration:6 step:460/2948, NER loss: 0.278435
2018-07-28 20:57:01,117 - ht2/train.log - INFO - iteration:6 step:560/2948, NER loss: 0.434031
2018-07-28 20:57:05,741 - ht2/train.log - INFO - iteration:6 step:660/2948, NER loss: 0.198154
2018-07-28 20:57:10,949 - ht2/train.log - INFO - iteration:6 step:760/2948, NER loss: 0.317629
2018-07-28 20:57:15,028 - ht2/train.log - INFO - iteration:6 step:860/2948, NER loss: 0.231203
2018-07-28 20:57:20,017 - ht2/train.log - INFO - iteration:6 step:960/2948, NER loss: 0.323749
2018-07-28 20:57:25,547 - ht2/train.log - INFO - iteration:6 step:1060/2948, NER loss: 0.344296
2018-07-28 20:57:31,074 - ht2/train.log - INFO - iteration:6 step:1160/2948, NER loss: 0.313109
2018-07-28 20:57:35,455 - ht2/train.log - INFO - iteration:6 step:1260/2948, NER loss: 0.284197
2018-07-28 20:57:40,700 - ht2/train.log - INFO - iteration:6 step:1360/2948, NER loss: 0.360219
2018-07-28 20:57:45,236 - ht2/train.log - INFO - iteration:6 step:1460/2948, NER loss: 0.292252
2018-07-28 20:57:49,947 - ht2/train.log - INFO - iteration:6 step:1560/2948, NER loss: 0.259615
2018-07-28 20:57:54,716 - ht2/train.log - INFO - iteration:6 step:1660/2948, NER loss: 0.299464
2018-07-28 20:57:59,463 - ht2/train.log - INFO - iteration:6 step:1760/2948, NER loss: 0.262744
2018-07-28 20:58:04,214 - ht2/train.log - INFO - iteration:6 step:1860/2948, NER loss: 0.306025
2018-07-28 20:58:08,721 - ht2/train.log - INFO - iteration:6 step:1960/2948, NER loss: 0.226472
2018-07-28 20:58:14,032 - ht2/train.log - INFO - iteration:6 step:2060/2948, NER loss: 0.274938
2018-07-28 20:58:18,910 - ht2/train.log - INFO - iteration:6 step:2160/2948, NER loss: 0.273612
2018-07-28 20:58:24,217 - ht2/train.log - INFO - iteration:6 step:2260/2948, NER loss: 0.454244
2018-07-28 20:58:29,259 - ht2/train.log - INFO - iteration:6 step:2360/2948, NER loss: 0.326113
2018-07-28 20:58:33,751 - ht2/train.log - INFO - iteration:6 step:2460/2948, NER loss: 0.270761
2018-07-28 20:58:39,076 - ht2/train.log - INFO - iteration:6 step:2560/2948, NER loss: 0.437140
2018-07-28 20:58:43,713 - ht2/train.log - INFO - iteration:6 step:2660/2948, NER loss: 0.211740
2018-07-28 20:58:49,055 - ht2/train.log - INFO - iteration:6 step:2760/2948, NER loss: 0.293291
2018-07-28 20:58:54,068 - ht2/train.log - INFO - iteration:6 step:2860/2948, NER loss: 0.276024
2018-07-28 20:58:58,150 - ht2/train.log - INFO - evaluate:dev
2018-07-28 20:59:05,098 - ht2/train.log - INFO - processed 217554 tokens with 731 phrases; found: 846 phrases; correct: 518.

2018-07-28 20:59:05,098 - ht2/train.log - INFO - accuracy:  96.87%; precision:  61.23%; recall:  70.86%; FB1:  65.69

2018-07-28 20:59:05,098 - ht2/train.log - INFO -                HT: precision:  65.32%; recall:  63.78%; FB1:  64.54  124

2018-07-28 20:59:05,098 - ht2/train.log - INFO -               ORG: precision:  58.61%; recall:  75.13%; FB1:  65.85  505

2018-07-28 20:59:05,098 - ht2/train.log - INFO -                XM: precision:  64.98%; recall:  67.14%; FB1:  66.04  217

2018-07-28 20:59:05,726 - ht2/train.log - INFO - iteration:7 step:12/2948, NER loss: 0.240770
2018-07-28 20:59:10,634 - ht2/train.log - INFO - iteration:7 step:112/2948, NER loss: 0.215349
2018-07-28 20:59:14,921 - ht2/train.log - INFO - iteration:7 step:212/2948, NER loss: 0.191346
2018-07-28 20:59:19,361 - ht2/train.log - INFO - iteration:7 step:312/2948, NER loss: 0.229249
2018-07-28 20:59:24,197 - ht2/train.log - INFO - iteration:7 step:412/2948, NER loss: 0.209156
2018-07-28 20:59:28,636 - ht2/train.log - INFO - iteration:7 step:512/2948, NER loss: 0.211352
2018-07-28 20:59:33,539 - ht2/train.log - INFO - iteration:7 step:612/2948, NER loss: 0.287975
2018-07-28 20:59:38,276 - ht2/train.log - INFO - iteration:7 step:712/2948, NER loss: 0.176639
2018-07-28 20:59:43,437 - ht2/train.log - INFO - iteration:7 step:812/2948, NER loss: 0.266929
2018-07-28 20:59:48,286 - ht2/train.log - INFO - iteration:7 step:912/2948, NER loss: 0.259926
2018-07-28 20:59:53,275 - ht2/train.log - INFO - iteration:7 step:1012/2948, NER loss: 0.264562
2018-07-28 20:59:58,125 - ht2/train.log - INFO - iteration:7 step:1112/2948, NER loss: 0.223034
2018-07-28 21:00:03,060 - ht2/train.log - INFO - iteration:7 step:1212/2948, NER loss: 0.228864
2018-07-28 21:00:08,199 - ht2/train.log - INFO - iteration:7 step:1312/2948, NER loss: 0.285683
2018-07-28 21:00:13,303 - ht2/train.log - INFO - iteration:7 step:1412/2948, NER loss: 0.258168
2018-07-28 21:00:18,250 - ht2/train.log - INFO - iteration:7 step:1512/2948, NER loss: 0.251634
2018-07-28 21:00:23,324 - ht2/train.log - INFO - iteration:7 step:1612/2948, NER loss: 0.279274
2018-07-28 21:00:28,377 - ht2/train.log - INFO - iteration:7 step:1712/2948, NER loss: 0.326327
2018-07-28 21:00:33,494 - ht2/train.log - INFO - iteration:7 step:1812/2948, NER loss: 0.221482
2018-07-28 21:00:38,790 - ht2/train.log - INFO - iteration:7 step:1912/2948, NER loss: 0.246379
2018-07-28 21:00:43,887 - ht2/train.log - INFO - iteration:7 step:2012/2948, NER loss: 0.312093
2018-07-28 21:00:48,360 - ht2/train.log - INFO - iteration:7 step:2112/2948, NER loss: 0.235761
2018-07-28 21:00:53,450 - ht2/train.log - INFO - iteration:7 step:2212/2948, NER loss: 0.230183
2018-07-28 21:00:58,616 - ht2/train.log - INFO - iteration:7 step:2312/2948, NER loss: 0.281360
2018-07-28 21:01:04,229 - ht2/train.log - INFO - iteration:7 step:2412/2948, NER loss: 0.250954
2018-07-28 21:01:09,420 - ht2/train.log - INFO - iteration:7 step:2512/2948, NER loss: 0.313643
2018-07-28 21:01:14,365 - ht2/train.log - INFO - iteration:7 step:2612/2948, NER loss: 0.245469
2018-07-28 21:01:19,926 - ht2/train.log - INFO - iteration:7 step:2712/2948, NER loss: 0.287025
2018-07-28 21:01:24,753 - ht2/train.log - INFO - iteration:7 step:2812/2948, NER loss: 0.220881
2018-07-28 21:01:29,337 - ht2/train.log - INFO - iteration:7 step:2912/2948, NER loss: 0.187860
2018-07-28 21:01:30,993 - ht2/train.log - INFO - evaluate:dev
2018-07-28 21:01:37,789 - ht2/train.log - INFO - processed 217554 tokens with 731 phrases; found: 981 phrases; correct: 554.

2018-07-28 21:01:37,789 - ht2/train.log - INFO - accuracy:  96.30%; precision:  56.47%; recall:  75.79%; FB1:  64.72

2018-07-28 21:01:37,789 - ht2/train.log - INFO -                HT: precision:  59.18%; recall:  68.50%; FB1:  63.50  147

2018-07-28 21:01:37,789 - ht2/train.log - INFO -               ORG: precision:  53.89%; recall:  80.96%; FB1:  64.71  592

2018-07-28 21:01:37,789 - ht2/train.log - INFO -                XM: precision:  61.16%; recall:  70.48%; FB1:  65.49  242

2018-07-28 21:01:45,308 - ht2/train.log - INFO - Reading model parameters from ht2/ner.ckpt
2018-07-29 11:17:47,863 - ht2/train.log - INFO - Reading model parameters from ht2/ner.ckpt
2018-07-29 14:07:29,160 - ht2/train.log - INFO - Reading model parameters from ht2/ner.ckpt
2018-07-29 15:49:28,184 - ht2/train.log - INFO - Reading model parameters from ht2/ner.ckpt
2018-07-29 19:10:23,763 - ht2/train.log - INFO - Reading model parameters from ht2/ner.ckpt
2018-07-30 08:38:03,719 - ht2/train.log - INFO - Reading model parameters from ht2/ner.ckpt
2018-07-30 14:40:00,909 - ht2/train.log - INFO - Reading model parameters from ht2/ner.ckpt
2018-07-30 15:10:40,738 - ht2/train.log - INFO - Reading model parameters from ht2/ner.ckpt
2018-07-30 16:40:11,825 - ht2/train.log - INFO - Reading model parameters from ht2/ner.ckpt
2018-07-30 19:06:04,192 - ht2/train.log - INFO - Reading model parameters from ht2/ner.ckpt
2018-07-30 19:28:15,093 - ht2/train.log - INFO - Reading model parameters from ht2/ner.ckpt
2018-08-01 08:18:39,177 - ht2/train.log - INFO - Reading model parameters from ht2/ner.ckpt
2018-08-01 10:07:37,014 - ht2/train.log - INFO - Reading model parameters from ht2/ner.ckpt
2018-08-01 14:45:34,337 - ht2/train.log - INFO - Reading model parameters from ht2/ner.ckpt
2018-08-02 15:42:40,747 - ht2/train.log - INFO - Reading model parameters from ht2/ner.ckpt
2018-08-02 16:28:26,200 - ht2/train.log - INFO - Reading model parameters from ht2/ner.ckpt
2018-08-02 17:37:02,595 - ht2/train.log - INFO - Reading model parameters from ht2/ner.ckpt
2018-08-02 17:41:49,788 - ht2/train.log - INFO - Reading model parameters from ht2/ner.ckpt
2018-08-02 17:47:24,003 - ht2/train.log - INFO - Reading model parameters from ht2/ner.ckpt
2018-08-02 17:54:58,301 - ht2/train.log - INFO - Reading model parameters from ht2/ner.ckpt
2018-08-02 18:19:40,606 - ht2/train.log - INFO - Reading model parameters from ht2/ner.ckpt
2018-08-02 19:11:18,219 - ht2/train.log - INFO - Reading model parameters from ht2/ner.ckpt
2018-08-03 14:56:32,714 - ht2/train.log - INFO - Reading model parameters from ht2/ner.ckpt
2018-08-03 20:32:57,364 - ht2/train.log - INFO - Reading model parameters from ht2/ner.ckpt
2018-08-06 08:30:09,537 - ht2/train.log - INFO - Reading model parameters from ht2/ner.ckpt
2018-08-06 13:44:53,320 - ht2/train.log - INFO - Reading model parameters from ht2/ner.ckpt
2018-08-06 17:39:34,462 - ht2/train.log - INFO - Reading model parameters from ht2/ner.ckpt
2018-08-07 16:44:46,869 - ht2/train.log - INFO - Reading model parameters from ht2/ner.ckpt
2018-08-07 16:56:10,792 - ht2/train.log - INFO - Reading model parameters from ht2/ner.ckpt
2018-08-07 17:14:12,764 - ht2/train.log - INFO - Reading model parameters from ht2/ner.ckpt
2018-08-07 20:56:56,080 - ht2/train.log - INFO - Reading model parameters from ht2/ner.ckpt
2018-08-07 21:02:29,286 - ht2/train.log - INFO - Reading model parameters from ht2/ner.ckpt
2018-08-07 21:44:18,204 - ht2/train.log - INFO - Reading model parameters from ht2/ner.ckpt
2018-08-08 09:56:06,506 - ht2/train.log - INFO - Reading model parameters from ht2/ner.ckpt
2018-08-08 13:58:27,175 - ht2/train.log - INFO - Reading model parameters from ht2/ner.ckpt
2018-08-08 15:30:06,390 - ht2/train.log - INFO - Reading model parameters from ht2/ner.ckpt
2018-08-08 15:48:08,036 - ht2/train.log - INFO - Reading model parameters from ht2/ner.ckpt
2018-08-08 16:11:12,808 - ht2/train.log - INFO - Reading model parameters from ht2/ner.ckpt
2018-08-08 16:41:27,969 - ht2/train.log - INFO - Reading model parameters from ht2/ner.ckpt
2018-08-08 16:52:27,760 - ht2/train.log - INFO - Reading model parameters from ht2/ner.ckpt
2018-08-08 17:12:13,128 - ht2/train.log - INFO - Reading model parameters from ht2/ner.ckpt
2018-08-08 18:39:40,826 - ht2/train.log - INFO - Reading model parameters from ht2/ner.ckpt
2018-08-08 19:03:19,022 - ht2/train.log - INFO - Reading model parameters from ht2/ner.ckpt
2018-08-08 19:21:31,096 - ht2/train.log - INFO - Reading model parameters from ht2/ner.ckpt
2018-08-08 20:31:58,039 - ht2/train.log - INFO - Reading model parameters from ht2/ner.ckpt
2018-08-22 18:23:47,030 - ht2/train.log - INFO - Reading model parameters from ht2/ner.ckpt
2021-12-19 23:53:26,410 - ht2/train.log - INFO - Reading model parameters from ht2\ner.ckpt
2021-12-20 22:05:37,365 - ht2/train.log - INFO - Reading model parameters from ht2\ner.ckpt
2022-03-16 18:40:00,509 - ht2/train.log - INFO - Reading model parameters from ht2\ner.ckpt
2022-03-16 19:24:24,299 - ht2/train.log - INFO - Reading model parameters from ht2\ner.ckpt
2022-03-16 19:41:52,053 - ht2/train.log - INFO - Reading model parameters from ht2\ner.ckpt
2022-04-07 17:35:13,376 - ./ht2/train.log - INFO - Reading model parameters from ./ht2\ner.ckpt
2022-04-07 17:35:31,630 - ./ht2/train.log - INFO - Reading model parameters from ./ht2\ner.ckpt
2022-04-07 17:35:48,930 - ./ht2/train.log - INFO - Reading model parameters from ./ht2\ner.ckpt
2022-04-07 17:36:05,574 - ./ht2/train.log - INFO - Reading model parameters from ./ht2\ner.ckpt
2022-04-07 17:49:42,301 - ./ht2/train.log - INFO - Reading model parameters from ./ht2\ner.ckpt
2022-04-07 17:51:24,406 - ./ht2/train.log - INFO - Reading model parameters from ./ht2\ner.ckpt
2022-04-07 17:55:10,392 - ./ht2/train.log - INFO - Reading model parameters from ./ht2\ner.ckpt
2022-04-07 17:55:28,764 - ./ht2/train.log - INFO - Reading model parameters from ./ht2\ner.ckpt
2022-04-07 17:55:46,904 - ./ht2/train.log - INFO - Reading model parameters from ./ht2\ner.ckpt
2022-04-07 17:56:05,127 - ./ht2/train.log - INFO - Reading model parameters from ./ht2\ner.ckpt
2022-04-07 20:00:17,001 - ./ht2/train.log - INFO - Reading model parameters from ./ht2\ner.ckpt
2022-04-07 20:00:35,801 - ./ht2/train.log - INFO - Reading model parameters from ./ht2\ner.ckpt
2022-04-07 20:00:53,945 - ./ht2/train.log - INFO - Reading model parameters from ./ht2\ner.ckpt
2022-04-07 20:01:13,731 - ./ht2/train.log - INFO - Reading model parameters from ./ht2\ner.ckpt
