2018-07-26 22:29:38,773 - zjc3/train.log - INFO - model_type     :	idcnn
2018-07-26 22:29:38,773 - zjc3/train.log - INFO - num_chars      :	2174
2018-07-26 22:29:38,773 - zjc3/train.log - INFO - char_dim       :	100
2018-07-26 22:29:38,773 - zjc3/train.log - INFO - num_tags       :	12
2018-07-26 22:29:38,773 - zjc3/train.log - INFO - seg_dim        :	20
2018-07-26 22:29:38,773 - zjc3/train.log - INFO - lstm_dim       :	100
2018-07-26 22:29:38,773 - zjc3/train.log - INFO - batch_size     :	20
2018-07-26 22:29:38,773 - zjc3/train.log - INFO - emb_file       :	../word_embeding/char.vec
2018-07-26 22:29:38,773 - zjc3/train.log - INFO - clip           :	5.0
2018-07-26 22:29:38,773 - zjc3/train.log - INFO - dropout_keep   :	0.5
2018-07-26 22:29:38,773 - zjc3/train.log - INFO - optimizer      :	adam
2018-07-26 22:29:38,773 - zjc3/train.log - INFO - lr             :	0.001
2018-07-26 22:29:38,773 - zjc3/train.log - INFO - tag_schema     :	iobes
2018-07-26 22:29:38,774 - zjc3/train.log - INFO - pre_emb        :	True
2018-07-26 22:29:38,774 - zjc3/train.log - INFO - zeros          :	False
2018-07-26 22:29:38,774 - zjc3/train.log - INFO - lower          :	True
2018-07-26 22:29:39,759 - zjc3/train.log - INFO - Created model with fresh parameters.
2018-07-26 22:29:40,526 - zjc3/train.log - INFO - Load pre-trained embedding.
2018-07-26 22:29:40,526 - zjc3/train.log - INFO - start training
2018-07-26 22:29:52,320 - zjc3/train.log - INFO - iteration:1 step:100/1819, NER loss:21.394245
2018-07-26 22:30:00,971 - zjc3/train.log - INFO - iteration:1 step:200/1819, NER loss:10.858503
2018-07-26 22:30:09,729 - zjc3/train.log - INFO - iteration:1 step:300/1819, NER loss: 8.418155
2018-07-26 22:30:14,860 - zjc3/train.log - INFO - iteration:1 step:400/1819, NER loss: 4.646757
2018-07-26 22:30:20,317 - zjc3/train.log - INFO - iteration:1 step:500/1819, NER loss: 4.015769
2018-07-26 22:30:26,610 - zjc3/train.log - INFO - iteration:1 step:600/1819, NER loss: 4.567000
2018-07-26 22:30:33,200 - zjc3/train.log - INFO - iteration:1 step:700/1819, NER loss: 3.641453
2018-07-26 22:30:39,621 - zjc3/train.log - INFO - iteration:1 step:800/1819, NER loss: 4.240017
2018-07-26 22:30:45,533 - zjc3/train.log - INFO - iteration:1 step:900/1819, NER loss: 3.654389
2018-07-26 22:30:50,393 - zjc3/train.log - INFO - iteration:1 step:1000/1819, NER loss: 3.080225
2018-07-26 22:30:56,561 - zjc3/train.log - INFO - iteration:1 step:1100/1819, NER loss: 3.359204
2018-07-26 22:31:01,807 - zjc3/train.log - INFO - iteration:1 step:1200/1819, NER loss: 2.686868
2018-07-26 22:31:06,882 - zjc3/train.log - INFO - iteration:1 step:1300/1819, NER loss: 2.766700
2018-07-26 22:31:12,232 - zjc3/train.log - INFO - iteration:1 step:1400/1819, NER loss: 2.545521
2018-07-26 22:31:17,206 - zjc3/train.log - INFO - iteration:1 step:1500/1819, NER loss: 2.103673
2018-07-26 22:31:22,073 - zjc3/train.log - INFO - iteration:1 step:1600/1819, NER loss: 2.065694
2018-07-26 22:31:26,793 - zjc3/train.log - INFO - iteration:1 step:1700/1819, NER loss: 1.657921
2018-07-26 22:31:32,351 - zjc3/train.log - INFO - iteration:1 step:1800/1819, NER loss: 2.072104
2018-07-26 22:31:33,449 - zjc3/train.log - INFO - evaluate:dev
2018-07-26 22:31:38,161 - zjc3/train.log - INFO - processed 171066 tokens with 1772 phrases; found: 1921 phrases; correct: 1432.

2018-07-26 22:31:38,161 - zjc3/train.log - INFO - accuracy:  98.06%; precision:  74.54%; recall:  80.81%; FB1:  77.55

2018-07-26 22:31:38,161 - zjc3/train.log - INFO -               ORG: precision:  62.36%; recall:  63.41%; FB1:  62.88  364

2018-07-26 22:31:38,161 - zjc3/train.log - INFO -              ORGS: precision:  80.75%; recall:  91.79%; FB1:  85.92  1413

2018-07-26 22:31:38,161 - zjc3/train.log - INFO -               PER: precision:  44.44%; recall:  37.43%; FB1:  40.63  144

2018-07-26 22:31:38,191 - zjc3/train.log - INFO - new best dev f1 score:77.550
2018-07-26 22:31:38,290 - zjc3/train.log - INFO - model saved
2018-07-26 22:31:42,605 - zjc3/train.log - INFO - iteration:2 step:81/1819, NER loss: 1.995128
2018-07-26 22:31:47,856 - zjc3/train.log - INFO - iteration:2 step:181/1819, NER loss: 1.816567
2018-07-26 22:31:52,886 - zjc3/train.log - INFO - iteration:2 step:281/1819, NER loss: 1.788398
2018-07-26 22:31:58,054 - zjc3/train.log - INFO - iteration:2 step:381/1819, NER loss: 1.694351
2018-07-26 22:32:02,557 - zjc3/train.log - INFO - iteration:2 step:481/1819, NER loss: 1.421754
2018-07-26 22:32:07,402 - zjc3/train.log - INFO - iteration:2 step:581/1819, NER loss: 1.389330
2018-07-26 22:32:12,672 - zjc3/train.log - INFO - iteration:2 step:681/1819, NER loss: 1.495013
2018-07-26 22:32:17,566 - zjc3/train.log - INFO - iteration:2 step:781/1819, NER loss: 1.467883
2018-07-26 22:32:22,287 - zjc3/train.log - INFO - iteration:2 step:881/1819, NER loss: 1.326882
2018-07-26 22:32:27,403 - zjc3/train.log - INFO - iteration:2 step:981/1819, NER loss: 1.176150
2018-07-26 22:32:32,837 - zjc3/train.log - INFO - iteration:2 step:1081/1819, NER loss: 1.408955
2018-07-26 22:32:37,625 - zjc3/train.log - INFO - iteration:2 step:1181/1819, NER loss: 1.445935
2018-07-26 22:32:43,349 - zjc3/train.log - INFO - iteration:2 step:1281/1819, NER loss: 1.669520
2018-07-26 22:32:48,256 - zjc3/train.log - INFO - iteration:2 step:1381/1819, NER loss: 1.458135
2018-07-26 22:32:53,383 - zjc3/train.log - INFO - iteration:2 step:1481/1819, NER loss: 1.232054
2018-07-26 22:32:58,286 - zjc3/train.log - INFO - iteration:2 step:1581/1819, NER loss: 1.244943
2018-07-26 22:33:03,349 - zjc3/train.log - INFO - iteration:2 step:1681/1819, NER loss: 1.223216
2018-07-26 22:33:08,698 - zjc3/train.log - INFO - iteration:2 step:1781/1819, NER loss: 1.133106
2018-07-26 22:33:10,678 - zjc3/train.log - INFO - evaluate:dev
2018-07-26 22:33:13,801 - zjc3/train.log - INFO - processed 171066 tokens with 1772 phrases; found: 1746 phrases; correct: 1420.

2018-07-26 22:33:13,801 - zjc3/train.log - INFO - accuracy:  98.04%; precision:  81.33%; recall:  80.14%; FB1:  80.73

2018-07-26 22:33:13,801 - zjc3/train.log - INFO -               ORG: precision:  69.88%; recall:  81.01%; FB1:  75.03  415

2018-07-26 22:33:13,802 - zjc3/train.log - INFO -              ORGS: precision:  87.12%; recall:  86.00%; FB1:  86.56  1227

2018-07-26 22:33:13,802 - zjc3/train.log - INFO -               PER: precision:  58.65%; recall:  35.67%; FB1:  44.36  104

2018-07-26 22:33:13,826 - zjc3/train.log - INFO - new best dev f1 score:80.730
2018-07-26 22:33:13,911 - zjc3/train.log - INFO - model saved
2018-07-26 22:33:17,471 - zjc3/train.log - INFO - iteration:3 step:62/1819, NER loss: 1.262872
2018-07-26 22:33:22,839 - zjc3/train.log - INFO - iteration:3 step:162/1819, NER loss: 1.082414
2018-07-26 22:33:27,809 - zjc3/train.log - INFO - iteration:3 step:262/1819, NER loss: 0.875637
2018-07-26 22:33:33,243 - zjc3/train.log - INFO - iteration:3 step:362/1819, NER loss: 1.163102
2018-07-26 22:33:38,548 - zjc3/train.log - INFO - iteration:3 step:462/1819, NER loss: 1.036332
2018-07-26 22:33:43,915 - zjc3/train.log - INFO - iteration:3 step:562/1819, NER loss: 0.880109
2018-07-26 22:33:49,897 - zjc3/train.log - INFO - iteration:3 step:662/1819, NER loss: 1.107423
2018-07-26 22:33:54,728 - zjc3/train.log - INFO - iteration:3 step:762/1819, NER loss: 0.765144
2018-07-26 22:33:59,401 - zjc3/train.log - INFO - iteration:3 step:862/1819, NER loss: 0.724386
2018-07-26 22:34:04,954 - zjc3/train.log - INFO - iteration:3 step:962/1819, NER loss: 1.076759
2018-07-26 22:34:10,185 - zjc3/train.log - INFO - iteration:3 step:1062/1819, NER loss: 0.895092
2018-07-26 22:34:15,246 - zjc3/train.log - INFO - iteration:3 step:1162/1819, NER loss: 0.839976
2018-07-26 22:34:20,010 - zjc3/train.log - INFO - iteration:3 step:1262/1819, NER loss: 0.699208
2018-07-26 22:34:25,196 - zjc3/train.log - INFO - iteration:3 step:1362/1819, NER loss: 0.760026
2018-07-26 22:34:30,032 - zjc3/train.log - INFO - iteration:3 step:1462/1819, NER loss: 0.744715
2018-07-26 22:34:35,290 - zjc3/train.log - INFO - iteration:3 step:1562/1819, NER loss: 0.881441
2018-07-26 22:34:40,215 - zjc3/train.log - INFO - iteration:3 step:1662/1819, NER loss: 0.737991
2018-07-26 22:34:44,775 - zjc3/train.log - INFO - iteration:3 step:1762/1819, NER loss: 0.648203
2018-07-26 22:34:47,834 - zjc3/train.log - INFO - evaluate:dev
2018-07-26 22:34:50,948 - zjc3/train.log - INFO - processed 171066 tokens with 1772 phrases; found: 1741 phrases; correct: 1445.

2018-07-26 22:34:50,948 - zjc3/train.log - INFO - accuracy:  98.29%; precision:  83.00%; recall:  81.55%; FB1:  82.27

2018-07-26 22:34:50,948 - zjc3/train.log - INFO -               ORG: precision:  75.86%; recall:  79.89%; FB1:  77.82  377

2018-07-26 22:34:50,948 - zjc3/train.log - INFO -              ORGS: precision:  86.15%; recall:  89.54%; FB1:  87.81  1292

2018-07-26 22:34:50,948 - zjc3/train.log - INFO -               PER: precision:  63.89%; recall:  26.90%; FB1:  37.86  72

2018-07-26 22:34:50,974 - zjc3/train.log - INFO - new best dev f1 score:82.270
2018-07-26 22:34:51,062 - zjc3/train.log - INFO - model saved
2018-07-26 22:34:53,215 - zjc3/train.log - INFO - iteration:4 step:43/1819, NER loss: 0.748724
2018-07-26 22:34:58,025 - zjc3/train.log - INFO - iteration:4 step:143/1819, NER loss: 0.573543
2018-07-26 22:35:03,087 - zjc3/train.log - INFO - iteration:4 step:243/1819, NER loss: 0.641565
2018-07-26 22:35:08,585 - zjc3/train.log - INFO - iteration:4 step:343/1819, NER loss: 0.705657
2018-07-26 22:35:13,349 - zjc3/train.log - INFO - iteration:4 step:443/1819, NER loss: 0.566870
2018-07-26 22:35:18,631 - zjc3/train.log - INFO - iteration:4 step:543/1819, NER loss: 0.710672
2018-07-26 22:35:23,726 - zjc3/train.log - INFO - iteration:4 step:643/1819, NER loss: 0.689786
2018-07-26 22:35:28,983 - zjc3/train.log - INFO - iteration:4 step:743/1819, NER loss: 0.520280
2018-07-26 22:35:34,078 - zjc3/train.log - INFO - iteration:4 step:843/1819, NER loss: 0.624719
2018-07-26 22:35:39,069 - zjc3/train.log - INFO - iteration:4 step:943/1819, NER loss: 0.690468
2018-07-26 22:35:44,084 - zjc3/train.log - INFO - iteration:4 step:1043/1819, NER loss: 0.670046
2018-07-26 22:35:49,913 - zjc3/train.log - INFO - iteration:4 step:1143/1819, NER loss: 0.789999
2018-07-26 22:35:54,966 - zjc3/train.log - INFO - iteration:4 step:1243/1819, NER loss: 0.746342
2018-07-26 22:36:00,298 - zjc3/train.log - INFO - iteration:4 step:1343/1819, NER loss: 0.726520
2018-07-26 22:36:05,546 - zjc3/train.log - INFO - iteration:4 step:1443/1819, NER loss: 0.695124
2018-07-26 22:36:10,364 - zjc3/train.log - INFO - iteration:4 step:1543/1819, NER loss: 0.536732
2018-07-26 22:36:15,400 - zjc3/train.log - INFO - iteration:4 step:1643/1819, NER loss: 0.535653
2018-07-26 22:36:20,276 - zjc3/train.log - INFO - iteration:4 step:1743/1819, NER loss: 0.638527
2018-07-26 22:36:23,950 - zjc3/train.log - INFO - evaluate:dev
2018-07-26 22:36:27,060 - zjc3/train.log - INFO - processed 171066 tokens with 1772 phrases; found: 1986 phrases; correct: 1547.

2018-07-26 22:36:27,060 - zjc3/train.log - INFO - accuracy:  98.09%; precision:  77.90%; recall:  87.30%; FB1:  82.33

2018-07-26 22:36:27,060 - zjc3/train.log - INFO -               ORG: precision:  70.71%; recall:  82.96%; FB1:  76.35  420

2018-07-26 22:36:27,060 - zjc3/train.log - INFO -              ORGS: precision:  82.22%; recall:  93.00%; FB1:  87.28  1406

2018-07-26 22:36:27,060 - zjc3/train.log - INFO -               PER: precision:  58.75%; recall:  54.97%; FB1:  56.80  160

2018-07-26 22:36:27,085 - zjc3/train.log - INFO - new best dev f1 score:82.330
2018-07-26 22:36:27,177 - zjc3/train.log - INFO - model saved
2018-07-26 22:36:28,387 - zjc3/train.log - INFO - iteration:5 step:24/1819, NER loss: 0.579769
2018-07-26 22:36:33,813 - zjc3/train.log - INFO - iteration:5 step:124/1819, NER loss: 0.529827
2018-07-26 22:36:38,668 - zjc3/train.log - INFO - iteration:5 step:224/1819, NER loss: 0.584770
2018-07-26 22:36:43,574 - zjc3/train.log - INFO - iteration:5 step:324/1819, NER loss: 0.455142
2018-07-26 22:36:48,419 - zjc3/train.log - INFO - iteration:5 step:424/1819, NER loss: 0.470184
2018-07-26 22:36:54,214 - zjc3/train.log - INFO - iteration:5 step:524/1819, NER loss: 0.636787
2018-07-26 22:36:59,667 - zjc3/train.log - INFO - iteration:5 step:624/1819, NER loss: 0.567210
2018-07-26 22:37:05,040 - zjc3/train.log - INFO - iteration:5 step:724/1819, NER loss: 0.436234
2018-07-26 22:37:09,933 - zjc3/train.log - INFO - iteration:5 step:824/1819, NER loss: 0.477354
2018-07-26 22:37:15,176 - zjc3/train.log - INFO - iteration:5 step:924/1819, NER loss: 0.541571
2018-07-26 22:37:20,638 - zjc3/train.log - INFO - iteration:5 step:1024/1819, NER loss: 0.582077
2018-07-26 22:37:25,972 - zjc3/train.log - INFO - iteration:5 step:1124/1819, NER loss: 0.535014
2018-07-26 22:37:31,250 - zjc3/train.log - INFO - iteration:5 step:1224/1819, NER loss: 0.527207
2018-07-26 22:37:36,246 - zjc3/train.log - INFO - iteration:5 step:1324/1819, NER loss: 0.481992
2018-07-26 22:37:41,109 - zjc3/train.log - INFO - iteration:5 step:1424/1819, NER loss: 0.540130
2018-07-26 22:37:45,893 - zjc3/train.log - INFO - iteration:5 step:1524/1819, NER loss: 0.406136
2018-07-26 22:37:50,814 - zjc3/train.log - INFO - iteration:5 step:1624/1819, NER loss: 0.523596
2018-07-26 22:37:56,363 - zjc3/train.log - INFO - iteration:5 step:1724/1819, NER loss: 0.540290
2018-07-26 22:38:01,178 - zjc3/train.log - INFO - evaluate:dev
2018-07-26 22:38:04,312 - zjc3/train.log - INFO - processed 171066 tokens with 1772 phrases; found: 1749 phrases; correct: 1465.

2018-07-26 22:38:04,312 - zjc3/train.log - INFO - accuracy:  98.40%; precision:  83.76%; recall:  82.67%; FB1:  83.21

2018-07-26 22:38:04,312 - zjc3/train.log - INFO -               ORG: precision:  76.09%; recall:  82.68%; FB1:  79.25  389

2018-07-26 22:38:04,312 - zjc3/train.log - INFO -              ORGS: precision:  88.46%; recall:  87.53%; FB1:  87.99  1230

2018-07-26 22:38:04,312 - zjc3/train.log - INFO -               PER: precision:  62.31%; recall:  47.37%; FB1:  53.82  130

2018-07-26 22:38:04,338 - zjc3/train.log - INFO - new best dev f1 score:83.210
2018-07-26 22:38:04,426 - zjc3/train.log - INFO - model saved
2018-07-26 22:38:04,643 - zjc3/train.log - INFO - iteration:6 step:5/1819, NER loss: 0.506326
2018-07-26 22:38:09,433 - zjc3/train.log - INFO - iteration:6 step:105/1819, NER loss: 0.453089
2018-07-26 22:38:14,506 - zjc3/train.log - INFO - iteration:6 step:205/1819, NER loss: 0.433508
2018-07-26 22:38:19,562 - zjc3/train.log - INFO - iteration:6 step:305/1819, NER loss: 0.452094
2018-07-26 22:38:24,516 - zjc3/train.log - INFO - iteration:6 step:405/1819, NER loss: 0.436246
2018-07-26 22:38:29,388 - zjc3/train.log - INFO - iteration:6 step:505/1819, NER loss: 0.559278
2018-07-26 22:38:35,098 - zjc3/train.log - INFO - iteration:6 step:605/1819, NER loss: 0.559518
2018-07-26 22:38:39,589 - zjc3/train.log - INFO - iteration:6 step:705/1819, NER loss: 0.365408
2018-07-26 22:38:44,840 - zjc3/train.log - INFO - iteration:6 step:805/1819, NER loss: 0.477415
2018-07-26 22:38:50,266 - zjc3/train.log - INFO - iteration:6 step:905/1819, NER loss: 0.429372
2018-07-26 22:38:55,642 - zjc3/train.log - INFO - iteration:6 step:1005/1819, NER loss: 0.498396
2018-07-26 22:39:00,811 - zjc3/train.log - INFO - iteration:6 step:1105/1819, NER loss: 0.468658
2018-07-26 22:39:05,626 - zjc3/train.log - INFO - iteration:6 step:1205/1819, NER loss: 0.429014
2018-07-26 22:39:11,238 - zjc3/train.log - INFO - iteration:6 step:1305/1819, NER loss: 0.465940
2018-07-26 22:39:16,325 - zjc3/train.log - INFO - iteration:6 step:1405/1819, NER loss: 0.436087
2018-07-26 22:39:21,318 - zjc3/train.log - INFO - iteration:6 step:1505/1819, NER loss: 0.423659
2018-07-26 22:39:26,425 - zjc3/train.log - INFO - iteration:6 step:1605/1819, NER loss: 0.447304
2018-07-26 22:39:31,404 - zjc3/train.log - INFO - iteration:6 step:1705/1819, NER loss: 0.371026
2018-07-26 22:39:36,816 - zjc3/train.log - INFO - iteration:6 step:1805/1819, NER loss: 0.390602
2018-07-26 22:39:37,421 - zjc3/train.log - INFO - evaluate:dev
2018-07-26 22:39:40,539 - zjc3/train.log - INFO - processed 171066 tokens with 1772 phrases; found: 1772 phrases; correct: 1473.

2018-07-26 22:39:40,539 - zjc3/train.log - INFO - accuracy:  98.31%; precision:  83.13%; recall:  83.13%; FB1:  83.13

2018-07-26 22:39:40,539 - zjc3/train.log - INFO -               ORG: precision:  74.87%; recall:  79.89%; FB1:  77.30  382

2018-07-26 22:39:40,539 - zjc3/train.log - INFO -              ORGS: precision:  86.93%; recall:  89.86%; FB1:  88.37  1285

2018-07-26 22:39:40,539 - zjc3/train.log - INFO -               PER: precision:  66.67%; recall:  40.94%; FB1:  50.72  105

2018-07-26 22:39:44,956 - zjc3/train.log - INFO - iteration:7 step:86/1819, NER loss: 0.409931
2018-07-26 22:39:50,160 - zjc3/train.log - INFO - iteration:7 step:186/1819, NER loss: 0.372679
2018-07-26 22:39:55,126 - zjc3/train.log - INFO - iteration:7 step:286/1819, NER loss: 0.365839
2018-07-26 22:39:59,845 - zjc3/train.log - INFO - iteration:7 step:386/1819, NER loss: 0.336498
2018-07-26 22:40:04,482 - zjc3/train.log - INFO - iteration:7 step:486/1819, NER loss: 0.349376
2018-07-26 22:40:09,369 - zjc3/train.log - INFO - iteration:7 step:586/1819, NER loss: 0.384786
2018-07-26 22:40:14,490 - zjc3/train.log - INFO - iteration:7 step:686/1819, NER loss: 0.397969
2018-07-26 22:40:19,520 - zjc3/train.log - INFO - iteration:7 step:786/1819, NER loss: 0.382186
2018-07-26 22:40:24,935 - zjc3/train.log - INFO - iteration:7 step:886/1819, NER loss: 0.516452
2018-07-26 22:40:30,332 - zjc3/train.log - INFO - iteration:7 step:986/1819, NER loss: 0.412979
2018-07-26 22:40:35,833 - zjc3/train.log - INFO - iteration:7 step:1086/1819, NER loss: 0.408706
2018-07-26 22:40:40,528 - zjc3/train.log - INFO - iteration:7 step:1186/1819, NER loss: 0.337259
2018-07-26 22:40:45,758 - zjc3/train.log - INFO - iteration:7 step:1286/1819, NER loss: 0.451117
2018-07-26 22:40:51,234 - zjc3/train.log - INFO - iteration:7 step:1386/1819, NER loss: 0.524745
2018-07-26 22:40:56,507 - zjc3/train.log - INFO - iteration:7 step:1486/1819, NER loss: 0.347924
2018-07-26 22:41:01,694 - zjc3/train.log - INFO - iteration:7 step:1586/1819, NER loss: 0.392260
2018-07-26 22:41:06,837 - zjc3/train.log - INFO - iteration:7 step:1686/1819, NER loss: 0.397865
2018-07-26 22:41:12,021 - zjc3/train.log - INFO - iteration:7 step:1786/1819, NER loss: 0.422754
2018-07-26 22:41:13,567 - zjc3/train.log - INFO - evaluate:dev
2018-07-26 22:41:16,697 - zjc3/train.log - INFO - processed 171066 tokens with 1772 phrases; found: 1839 phrases; correct: 1511.

2018-07-26 22:41:16,697 - zjc3/train.log - INFO - accuracy:  98.37%; precision:  82.16%; recall:  85.27%; FB1:  83.69

2018-07-26 22:41:16,697 - zjc3/train.log - INFO -               ORG: precision:  74.87%; recall:  80.73%; FB1:  77.69  386

2018-07-26 22:41:16,697 - zjc3/train.log - INFO -              ORGS: precision:  86.71%; recall:  91.31%; FB1:  88.95  1309

2018-07-26 22:41:16,697 - zjc3/train.log - INFO -               PER: precision:  60.42%; recall:  50.88%; FB1:  55.24  144

2018-07-26 22:41:16,721 - zjc3/train.log - INFO - new best dev f1 score:83.690
2018-07-26 22:41:16,807 - zjc3/train.log - INFO - model saved
2018-07-26 22:41:20,333 - zjc3/train.log - INFO - iteration:8 step:67/1819, NER loss: 0.301868
2018-07-26 22:41:25,194 - zjc3/train.log - INFO - iteration:8 step:167/1819, NER loss: 0.392985
2018-07-26 22:41:30,701 - zjc3/train.log - INFO - iteration:8 step:267/1819, NER loss: 0.435250
2018-07-26 22:41:36,256 - zjc3/train.log - INFO - iteration:8 step:367/1819, NER loss: 0.344857
2018-07-26 22:41:40,925 - zjc3/train.log - INFO - iteration:8 step:467/1819, NER loss: 0.322829
2018-07-26 22:41:45,880 - zjc3/train.log - INFO - iteration:8 step:567/1819, NER loss: 0.331046
2018-07-26 22:41:50,955 - zjc3/train.log - INFO - iteration:8 step:667/1819, NER loss: 0.343913
2018-07-26 22:41:55,954 - zjc3/train.log - INFO - iteration:8 step:767/1819, NER loss: 0.404394
2018-07-26 22:42:01,041 - zjc3/train.log - INFO - iteration:8 step:867/1819, NER loss: 0.423136
2018-07-26 22:42:05,914 - zjc3/train.log - INFO - iteration:8 step:967/1819, NER loss: 0.353034
2018-07-26 22:42:10,796 - zjc3/train.log - INFO - iteration:8 step:1067/1819, NER loss: 0.327258
2018-07-26 22:42:16,069 - zjc3/train.log - INFO - iteration:8 step:1167/1819, NER loss: 0.382197
2018-07-26 22:42:21,491 - zjc3/train.log - INFO - iteration:8 step:1267/1819, NER loss: 0.393055
2018-07-26 22:42:26,702 - zjc3/train.log - INFO - iteration:8 step:1367/1819, NER loss: 0.405697
2018-07-26 22:42:31,582 - zjc3/train.log - INFO - iteration:8 step:1467/1819, NER loss: 0.412907
2018-07-26 22:42:37,067 - zjc3/train.log - INFO - iteration:8 step:1567/1819, NER loss: 0.323684
2018-07-26 22:42:42,309 - zjc3/train.log - INFO - iteration:8 step:1667/1819, NER loss: 0.414781
2018-07-26 22:42:47,113 - zjc3/train.log - INFO - iteration:8 step:1767/1819, NER loss: 0.347996
2018-07-26 22:42:49,743 - zjc3/train.log - INFO - evaluate:dev
2018-07-26 22:42:52,848 - zjc3/train.log - INFO - processed 171066 tokens with 1772 phrases; found: 1833 phrases; correct: 1507.

2018-07-26 22:42:52,848 - zjc3/train.log - INFO - accuracy:  98.25%; precision:  82.21%; recall:  85.05%; FB1:  83.61

2018-07-26 22:42:52,848 - zjc3/train.log - INFO -               ORG: precision:  72.17%; recall:  81.84%; FB1:  76.70  406

2018-07-26 22:42:52,848 - zjc3/train.log - INFO -              ORGS: precision:  85.94%; recall:  91.47%; FB1:  88.62  1323

2018-07-26 22:42:52,849 - zjc3/train.log - INFO -               PER: precision:  74.04%; recall:  45.03%; FB1:  56.00  104

2018-07-26 22:42:55,045 - zjc3/train.log - INFO - iteration:9 step:48/1819, NER loss: 0.332602
2018-07-26 22:42:59,849 - zjc3/train.log - INFO - iteration:9 step:148/1819, NER loss: 0.303617
2018-07-26 22:43:04,423 - zjc3/train.log - INFO - iteration:9 step:248/1819, NER loss: 0.300723
2018-07-26 22:43:09,474 - zjc3/train.log - INFO - iteration:9 step:348/1819, NER loss: 0.366544
2018-07-26 22:43:14,464 - zjc3/train.log - INFO - iteration:9 step:448/1819, NER loss: 0.335905
2018-07-26 22:43:19,711 - zjc3/train.log - INFO - iteration:9 step:548/1819, NER loss: 0.329224
2018-07-26 22:43:25,038 - zjc3/train.log - INFO - iteration:9 step:648/1819, NER loss: 0.380415
2018-07-26 22:43:30,177 - zjc3/train.log - INFO - iteration:9 step:748/1819, NER loss: 0.291854
2018-07-26 22:43:35,567 - zjc3/train.log - INFO - iteration:9 step:848/1819, NER loss: 0.420176
2018-07-26 22:43:40,550 - zjc3/train.log - INFO - iteration:9 step:948/1819, NER loss: 0.354397
2018-07-26 22:43:46,063 - zjc3/train.log - INFO - iteration:9 step:1048/1819, NER loss: 0.374760
2018-07-26 22:43:51,689 - zjc3/train.log - INFO - iteration:9 step:1148/1819, NER loss: 0.411585
2018-07-26 22:43:56,813 - zjc3/train.log - INFO - iteration:9 step:1248/1819, NER loss: 0.394918
2018-07-26 22:44:01,972 - zjc3/train.log - INFO - iteration:9 step:1348/1819, NER loss: 0.344668
2018-07-26 22:44:06,713 - zjc3/train.log - INFO - iteration:9 step:1448/1819, NER loss: 0.352692
2018-07-26 22:44:12,197 - zjc3/train.log - INFO - iteration:9 step:1548/1819, NER loss: 0.319838
2018-07-26 22:44:17,364 - zjc3/train.log - INFO - iteration:9 step:1648/1819, NER loss: 0.397846
2018-07-26 22:44:22,060 - zjc3/train.log - INFO - iteration:9 step:1748/1819, NER loss: 0.299811
2018-07-26 22:44:25,757 - zjc3/train.log - INFO - evaluate:dev
2018-07-26 22:44:28,878 - zjc3/train.log - INFO - processed 171066 tokens with 1772 phrases; found: 1852 phrases; correct: 1526.

2018-07-26 22:44:28,878 - zjc3/train.log - INFO - accuracy:  98.42%; precision:  82.40%; recall:  86.12%; FB1:  84.22

2018-07-26 22:44:28,878 - zjc3/train.log - INFO -               ORG: precision:  76.80%; recall:  80.45%; FB1:  78.58  375

2018-07-26 22:44:28,878 - zjc3/train.log - INFO -              ORGS: precision:  85.95%; recall:  91.55%; FB1:  88.66  1324

2018-07-26 22:44:28,878 - zjc3/train.log - INFO -               PER: precision:  65.36%; recall:  58.48%; FB1:  61.73  153

2018-07-26 22:44:28,904 - zjc3/train.log - INFO - new best dev f1 score:84.220
2018-07-26 22:44:28,992 - zjc3/train.log - INFO - model saved
2018-07-26 22:44:30,580 - zjc3/train.log - INFO - iteration:10 step:29/1819, NER loss: 0.311201
2018-07-26 22:44:35,254 - zjc3/train.log - INFO - iteration:10 step:129/1819, NER loss: 0.318067
2018-07-26 22:44:40,790 - zjc3/train.log - INFO - iteration:10 step:229/1819, NER loss: 0.349931
2018-07-26 22:44:45,679 - zjc3/train.log - INFO - iteration:10 step:329/1819, NER loss: 0.316699
2018-07-26 22:44:51,190 - zjc3/train.log - INFO - iteration:10 step:429/1819, NER loss: 0.294583
2018-07-26 22:44:56,147 - zjc3/train.log - INFO - iteration:10 step:529/1819, NER loss: 0.326484
2018-07-26 22:45:01,256 - zjc3/train.log - INFO - iteration:10 step:629/1819, NER loss: 0.338999
2018-07-26 22:45:05,954 - zjc3/train.log - INFO - iteration:10 step:729/1819, NER loss: 0.288907
2018-07-26 22:45:10,724 - zjc3/train.log - INFO - iteration:10 step:829/1819, NER loss: 0.307305
2018-07-26 22:45:15,505 - zjc3/train.log - INFO - iteration:10 step:929/1819, NER loss: 0.285729
2018-07-26 22:45:21,275 - zjc3/train.log - INFO - iteration:10 step:1029/1819, NER loss: 0.437883
2018-07-26 22:45:26,046 - zjc3/train.log - INFO - iteration:10 step:1129/1819, NER loss: 0.279515
2018-07-26 22:45:31,402 - zjc3/train.log - INFO - iteration:10 step:1229/1819, NER loss: 0.348743
2018-07-26 22:45:35,971 - zjc3/train.log - INFO - iteration:10 step:1329/1819, NER loss: 0.297419
2018-07-26 22:45:41,473 - zjc3/train.log - INFO - iteration:10 step:1429/1819, NER loss: 0.311230
2018-07-26 22:45:46,668 - zjc3/train.log - INFO - iteration:10 step:1529/1819, NER loss: 0.362452
2018-07-26 22:45:52,244 - zjc3/train.log - INFO - iteration:10 step:1629/1819, NER loss: 0.366924
2018-07-26 22:45:57,459 - zjc3/train.log - INFO - iteration:10 step:1729/1819, NER loss: 0.313728
2018-07-26 22:46:01,955 - zjc3/train.log - INFO - evaluate:dev
2018-07-26 22:46:05,082 - zjc3/train.log - INFO - processed 171066 tokens with 1772 phrases; found: 1893 phrases; correct: 1510.

2018-07-26 22:46:05,082 - zjc3/train.log - INFO - accuracy:  98.29%; precision:  79.77%; recall:  85.21%; FB1:  82.40

2018-07-26 22:46:05,082 - zjc3/train.log - INFO -               ORG: precision:  75.49%; recall:  75.70%; FB1:  75.59  359

2018-07-26 22:46:05,082 - zjc3/train.log - INFO -              ORGS: precision:  83.36%; recall:  92.28%; FB1:  87.59  1376

2018-07-26 22:46:05,082 - zjc3/train.log - INFO -               PER: precision:  58.23%; recall:  53.80%; FB1:  55.93  158

2018-07-26 22:46:05,690 - zjc3/train.log - INFO - iteration:11 step:10/1819, NER loss: 0.303980
2018-07-26 22:46:11,112 - zjc3/train.log - INFO - iteration:11 step:110/1819, NER loss: 0.309739
2018-07-26 22:46:16,141 - zjc3/train.log - INFO - iteration:11 step:210/1819, NER loss: 0.310380
2018-07-26 22:46:20,936 - zjc3/train.log - INFO - iteration:11 step:310/1819, NER loss: 0.312381
2018-07-26 22:46:25,743 - zjc3/train.log - INFO - iteration:11 step:410/1819, NER loss: 0.234711
2018-07-26 22:46:30,746 - zjc3/train.log - INFO - iteration:11 step:510/1819, NER loss: 0.314485
2018-07-26 22:46:35,395 - zjc3/train.log - INFO - iteration:11 step:610/1819, NER loss: 0.293877
2018-07-26 22:46:40,775 - zjc3/train.log - INFO - iteration:11 step:710/1819, NER loss: 0.419033
2018-07-26 22:46:45,582 - zjc3/train.log - INFO - iteration:11 step:810/1819, NER loss: 0.335872
2018-07-26 22:46:51,121 - zjc3/train.log - INFO - iteration:11 step:910/1819, NER loss: 0.296084
2018-07-26 22:46:56,049 - zjc3/train.log - INFO - iteration:11 step:1010/1819, NER loss: 0.319100
2018-07-26 22:47:01,144 - zjc3/train.log - INFO - iteration:11 step:1110/1819, NER loss: 0.338026
2018-07-26 22:47:06,516 - zjc3/train.log - INFO - iteration:11 step:1210/1819, NER loss: 0.347597
2018-07-26 22:47:11,909 - zjc3/train.log - INFO - iteration:11 step:1310/1819, NER loss: 0.366486
2018-07-26 22:47:17,545 - zjc3/train.log - INFO - iteration:11 step:1410/1819, NER loss: 0.337628
2018-07-26 22:47:22,837 - zjc3/train.log - INFO - iteration:11 step:1510/1819, NER loss: 0.331403
2018-07-26 22:47:27,619 - zjc3/train.log - INFO - iteration:11 step:1610/1819, NER loss: 0.326077
2018-07-26 22:47:32,347 - zjc3/train.log - INFO - iteration:11 step:1710/1819, NER loss: 0.279829
2018-07-26 22:47:37,569 - zjc3/train.log - INFO - iteration:11 step:1810/1819, NER loss: 0.365185
2018-07-26 22:47:37,998 - zjc3/train.log - INFO - evaluate:dev
2018-07-26 22:47:41,209 - zjc3/train.log - INFO - processed 171066 tokens with 1772 phrases; found: 1898 phrases; correct: 1538.

2018-07-26 22:47:41,209 - zjc3/train.log - INFO - accuracy:  98.39%; precision:  81.03%; recall:  86.79%; FB1:  83.81

2018-07-26 22:47:41,209 - zjc3/train.log - INFO -               ORG: precision:  76.94%; recall:  80.17%; FB1:  78.52  373

2018-07-26 22:47:41,209 - zjc3/train.log - INFO -              ORGS: precision:  83.70%; recall:  92.52%; FB1:  87.89  1374

2018-07-26 22:47:41,209 - zjc3/train.log - INFO -               PER: precision:  66.89%; recall:  59.06%; FB1:  62.73  151

2018-07-26 22:47:45,799 - zjc3/train.log - INFO - Reading model parameters from zjc3/ner.ckpt
2018-07-27 11:00:23,024 - zjc3/train.log - INFO - Reading model parameters from zjc3/ner.ckpt
2018-07-27 11:09:42,611 - zjc3/train.log - INFO - Reading model parameters from zjc3/ner.ckpt
2018-07-27 14:29:27,366 - zjc3/train.log - INFO - Reading model parameters from zjc3/ner.ckpt
2018-07-27 14:36:08,712 - zjc3/train.log - INFO - Reading model parameters from zjc3/ner.ckpt
2018-07-27 14:41:27,554 - zjc3/train.log - INFO - Reading model parameters from zjc3/ner.ckpt
2018-07-27 14:46:46,392 - zjc3/train.log - INFO - Reading model parameters from zjc3/ner.ckpt
2018-07-27 14:52:44,486 - zjc3/train.log - INFO - Reading model parameters from zjc3/ner.ckpt
2018-07-27 15:00:15,780 - zjc3/train.log - INFO - Reading model parameters from zjc3/ner.ckpt
2018-07-28 09:11:32,311 - zjc3/train.log - INFO - Reading model parameters from zjc3/ner.ckpt
2018-07-29 10:00:30,027 - zjc3/train.log - INFO - Reading model parameters from zjc3/ner.ckpt
2018-07-29 12:50:32,844 - zjc3/train.log - INFO - Reading model parameters from zjc3/ner.ckpt
2018-07-29 13:54:04,031 - zjc3/train.log - INFO - Reading model parameters from zjc3/ner.ckpt
2018-07-29 15:36:25,914 - zjc3/train.log - INFO - Reading model parameters from zjc3/ner.ckpt
2018-07-29 18:56:55,864 - zjc3/train.log - INFO - Reading model parameters from zjc3/ner.ckpt
2018-07-30 08:36:11,849 - zjc3/train.log - INFO - Reading model parameters from zjc3/ner.ckpt
2018-07-30 14:38:08,756 - zjc3/train.log - INFO - Reading model parameters from zjc3/ner.ckpt
2018-07-30 15:08:49,163 - zjc3/train.log - INFO - Reading model parameters from zjc3/ner.ckpt
2018-07-30 16:38:20,102 - zjc3/train.log - INFO - Reading model parameters from zjc3/ner.ckpt
2018-07-30 19:04:16,290 - zjc3/train.log - INFO - Reading model parameters from zjc3/ner.ckpt
2018-07-30 19:24:41,516 - zjc3/train.log - INFO - Reading model parameters from zjc3/ner.ckpt
2018-07-30 19:26:23,793 - zjc3/train.log - INFO - Reading model parameters from zjc3/ner.ckpt
2018-08-01 08:16:48,803 - zjc3/train.log - INFO - Reading model parameters from zjc3/ner.ckpt
2018-08-01 10:05:38,832 - zjc3/train.log - INFO - Reading model parameters from zjc3/ner.ckpt
2018-08-01 14:43:42,888 - zjc3/train.log - INFO - Reading model parameters from zjc3/ner.ckpt
2018-08-02 15:40:50,680 - zjc3/train.log - INFO - Reading model parameters from zjc3/ner.ckpt
2018-08-02 16:26:35,653 - zjc3/train.log - INFO - Reading model parameters from zjc3/ner.ckpt
2018-08-02 17:35:11,777 - zjc3/train.log - INFO - Reading model parameters from zjc3/ner.ckpt
2018-08-02 17:39:59,882 - zjc3/train.log - INFO - Reading model parameters from zjc3/ner.ckpt
2018-08-02 17:45:32,465 - zjc3/train.log - INFO - Reading model parameters from zjc3/ner.ckpt
2018-08-02 17:52:29,547 - zjc3/train.log - INFO - Reading model parameters from zjc3/ner.ckpt
2018-08-02 17:52:48,072 - zjc3/train.log - INFO - Reading model parameters from zjc3/ner.ckpt
2018-08-02 18:01:05,144 - zjc3/train.log - INFO - Reading model parameters from zjc3/ner.ckpt
2018-08-02 18:17:39,002 - zjc3/train.log - INFO - Reading model parameters from zjc3/ner.ckpt
2018-08-02 19:10:16,777 - zjc3/train.log - INFO - Reading model parameters from zjc3/ner.ckpt
2018-08-03 14:55:38,333 - zjc3/train.log - INFO - Reading model parameters from zjc3/ner.ckpt
2018-08-03 20:31:04,933 - zjc3/train.log - INFO - Reading model parameters from zjc3/ner.ckpt
2018-08-06 08:28:17,098 - zjc3/train.log - INFO - Reading model parameters from zjc3/ner.ckpt
2018-08-06 13:43:01,713 - zjc3/train.log - INFO - Reading model parameters from zjc3/ner.ckpt
2018-08-06 17:37:46,174 - zjc3/train.log - INFO - Reading model parameters from zjc3/ner.ckpt
2018-08-07 16:42:58,378 - zjc3/train.log - INFO - Reading model parameters from zjc3/ner.ckpt
2018-08-07 16:54:21,573 - zjc3/train.log - INFO - Reading model parameters from zjc3/ner.ckpt
2018-08-07 17:12:22,794 - zjc3/train.log - INFO - Reading model parameters from zjc3/ner.ckpt
2018-08-07 20:55:04,409 - zjc3/train.log - INFO - Reading model parameters from zjc3/ner.ckpt
2018-08-07 21:00:36,901 - zjc3/train.log - INFO - Reading model parameters from zjc3/ner.ckpt
2018-08-07 21:42:26,214 - zjc3/train.log - INFO - Reading model parameters from zjc3/ner.ckpt
2018-08-08 09:54:14,153 - zjc3/train.log - INFO - Reading model parameters from zjc3/ner.ckpt
2018-08-08 13:56:35,456 - zjc3/train.log - INFO - Reading model parameters from zjc3/ner.ckpt
2018-08-08 15:28:13,759 - zjc3/train.log - INFO - Reading model parameters from zjc3/ner.ckpt
2018-08-08 15:46:16,162 - zjc3/train.log - INFO - Reading model parameters from zjc3/ner.ckpt
2018-08-08 16:09:20,239 - zjc3/train.log - INFO - Reading model parameters from zjc3/ner.ckpt
2018-08-08 16:39:35,467 - zjc3/train.log - INFO - Reading model parameters from zjc3/ner.ckpt
2018-08-08 16:50:35,395 - zjc3/train.log - INFO - Reading model parameters from zjc3/ner.ckpt
2018-08-08 17:10:20,543 - zjc3/train.log - INFO - Reading model parameters from zjc3/ner.ckpt
2018-08-08 18:37:48,379 - zjc3/train.log - INFO - Reading model parameters from zjc3/ner.ckpt
2018-08-08 19:01:26,731 - zjc3/train.log - INFO - Reading model parameters from zjc3/ner.ckpt
2018-08-08 19:19:38,303 - zjc3/train.log - INFO - Reading model parameters from zjc3/ner.ckpt
2018-08-08 20:30:05,918 - zjc3/train.log - INFO - Reading model parameters from zjc3/ner.ckpt
2018-08-22 18:08:46,648 - zjc3/train.log - INFO - Reading model parameters from zjc3/ner.ckpt
2021-12-18 21:15:34,249 - zjc3/train.log - INFO - Reading model parameters from zjc3\ner.ckpt
2021-12-18 21:48:19,284 - zjc3/train.log - INFO - Reading model parameters from zjc3\ner.ckpt
2021-12-19 22:07:11,621 - zjc3/train.log - INFO - Reading model parameters from zjc3\ner.ckpt
2021-12-19 23:03:26,385 - zjc3/train.log - INFO - Reading model parameters from zjc3\ner.ckpt
2021-12-21 16:22:18,029 - zjc3/train.log - INFO - model_type     :	idcnn
2021-12-21 16:22:18,042 - zjc3/train.log - INFO - num_chars      :	2174
2021-12-21 16:22:18,042 - zjc3/train.log - INFO - char_dim       :	100
2021-12-21 16:22:18,042 - zjc3/train.log - INFO - num_tags       :	12
2021-12-21 16:22:18,042 - zjc3/train.log - INFO - seg_dim        :	20
2021-12-21 16:22:18,042 - zjc3/train.log - INFO - lstm_dim       :	100
2021-12-21 16:22:18,042 - zjc3/train.log - INFO - batch_size     :	20
2021-12-21 16:22:18,042 - zjc3/train.log - INFO - emb_file       :	../word_embeding/char.vec
2021-12-21 16:22:18,042 - zjc3/train.log - INFO - clip           :	5.0
2021-12-21 16:22:18,042 - zjc3/train.log - INFO - dropout_keep   :	0.5
2021-12-21 16:22:18,042 - zjc3/train.log - INFO - optimizer      :	adam
2021-12-21 16:22:18,043 - zjc3/train.log - INFO - lr             :	0.001
2021-12-21 16:22:18,043 - zjc3/train.log - INFO - tag_schema     :	iobes
2021-12-21 16:22:18,043 - zjc3/train.log - INFO - pre_emb        :	True
2021-12-21 16:22:18,043 - zjc3/train.log - INFO - zeros          :	False
2021-12-21 16:22:18,043 - zjc3/train.log - INFO - lower          :	True
2021-12-21 16:22:19,591 - zjc3/train.log - INFO - Reading model parameters from zjc3\ner.ckpt
2021-12-21 16:22:19,819 - zjc3/train.log - INFO - start training
2021-12-21 16:22:22,913 - zjc3/train.log - INFO - iteration:10 step:20/1820, NER loss: 0.320400
2021-12-21 16:22:31,192 - zjc3/train.log - INFO - iteration:10 step:120/1820, NER loss: 0.333374
2021-12-21 16:22:38,985 - zjc3/train.log - INFO - iteration:10 step:220/1820, NER loss: 0.329921
2021-12-21 16:22:47,053 - zjc3/train.log - INFO - iteration:10 step:320/1820, NER loss: 0.370260
2021-12-21 16:22:53,869 - zjc3/train.log - INFO - iteration:10 step:420/1820, NER loss: 0.325569
2021-12-21 16:23:02,487 - zjc3/train.log - INFO - iteration:10 step:520/1820, NER loss: 0.386268
2021-12-21 16:23:10,765 - zjc3/train.log - INFO - iteration:10 step:620/1820, NER loss: 0.327377
2021-12-21 16:23:19,076 - zjc3/train.log - INFO - iteration:10 step:720/1820, NER loss: 0.375283
2021-12-21 16:23:26,937 - zjc3/train.log - INFO - iteration:10 step:820/1820, NER loss: 0.387979
2021-12-21 16:23:35,025 - zjc3/train.log - INFO - iteration:10 step:920/1820, NER loss: 0.376913
2021-12-21 16:23:43,816 - zjc3/train.log - INFO - iteration:10 step:1020/1820, NER loss: 0.464428
2021-12-21 16:23:52,711 - zjc3/train.log - INFO - iteration:10 step:1120/1820, NER loss: 0.359138
2021-12-21 16:24:00,986 - zjc3/train.log - INFO - iteration:10 step:1220/1820, NER loss: 0.315937
2021-12-21 16:24:10,862 - zjc3/train.log - INFO - iteration:10 step:1320/1820, NER loss: 0.555167
2021-12-21 16:24:19,949 - zjc3/train.log - INFO - iteration:10 step:1420/1820, NER loss: 0.399810
2021-12-21 16:24:28,868 - zjc3/train.log - INFO - iteration:10 step:1520/1820, NER loss: 0.344051
2021-12-21 16:24:37,295 - zjc3/train.log - INFO - iteration:10 step:1620/1820, NER loss: 0.296527
2021-12-21 16:24:47,226 - zjc3/train.log - INFO - iteration:10 step:1720/1820, NER loss: 0.434284
2021-12-21 16:24:54,940 - zjc3/train.log - INFO - evaluate:dev
2021-12-21 16:25:04,751 - zjc3/train.log - INFO - processed 170182 tokens with 1789 phrases; found: 1871 phrases; correct: 1685.

2021-12-21 16:25:04,752 - zjc3/train.log - INFO - accuracy:  99.09%; precision:  90.06%; recall:  94.19%; FB1:  92.08

2021-12-21 16:25:04,752 - zjc3/train.log - INFO -               ORG: precision:  81.82%; recall:  83.17%; FB1:  82.49  308

2021-12-21 16:25:04,752 - zjc3/train.log - INFO -              ORGS: precision:  92.36%; recall:  96.74%; FB1:  94.50  1413

2021-12-21 16:25:04,752 - zjc3/train.log - INFO -               PER: precision:  85.33%; recall:  93.43%; FB1:  89.20  150

2021-12-21 16:25:04,871 - zjc3/train.log - INFO - new best dev f1 score:92.080
2021-12-21 16:25:05,462 - zjc3/train.log - INFO - model saved
2021-12-21 16:25:06,447 - zjc3/train.log - INFO - iteration:11 step:0/1820, NER loss: 0.350468
2021-12-21 16:25:17,131 - zjc3/train.log - INFO - iteration:11 step:100/1820, NER loss: 0.360924
2021-12-21 16:25:27,519 - zjc3/train.log - INFO - iteration:11 step:200/1820, NER loss: 0.360249
2021-12-21 16:25:36,091 - zjc3/train.log - INFO - iteration:11 step:300/1820, NER loss: 0.290209
2021-12-21 16:25:46,723 - zjc3/train.log - INFO - iteration:11 step:400/1820, NER loss: 0.419405
2021-12-21 16:25:55,926 - zjc3/train.log - INFO - iteration:11 step:500/1820, NER loss: 0.358876
2021-12-21 16:26:06,700 - zjc3/train.log - INFO - iteration:11 step:600/1820, NER loss: 0.358674
2021-12-21 16:26:16,093 - zjc3/train.log - INFO - iteration:11 step:700/1820, NER loss: 0.313748
2021-12-21 16:26:25,572 - zjc3/train.log - INFO - iteration:11 step:800/1820, NER loss: 0.351645
2021-12-21 16:26:34,290 - zjc3/train.log - INFO - iteration:11 step:900/1820, NER loss: 0.293626
2021-12-21 16:26:43,880 - zjc3/train.log - INFO - iteration:11 step:1000/1820, NER loss: 0.332490
2021-12-21 16:26:52,418 - zjc3/train.log - INFO - iteration:11 step:1100/1820, NER loss: 0.276252
2021-12-21 16:27:02,356 - zjc3/train.log - INFO - iteration:11 step:1200/1820, NER loss: 0.330452
2021-12-21 16:27:11,664 - zjc3/train.log - INFO - iteration:11 step:1300/1820, NER loss: 0.363398
2021-12-21 16:27:20,403 - zjc3/train.log - INFO - iteration:11 step:1400/1820, NER loss: 0.399144
2021-12-21 16:27:29,417 - zjc3/train.log - INFO - iteration:11 step:1500/1820, NER loss: 0.313898
2021-12-21 16:27:38,824 - zjc3/train.log - INFO - iteration:11 step:1600/1820, NER loss: 0.305919
2021-12-21 16:27:48,740 - zjc3/train.log - INFO - iteration:11 step:1700/1820, NER loss: 0.337257
2021-12-21 16:27:58,150 - zjc3/train.log - INFO - iteration:11 step:1800/1820, NER loss: 0.336853
2021-12-21 16:27:59,075 - zjc3/train.log - INFO - evaluate:dev
2021-12-21 16:28:08,773 - zjc3/train.log - INFO - processed 170182 tokens with 1789 phrases; found: 1971 phrases; correct: 1704.

2021-12-21 16:28:08,773 - zjc3/train.log - INFO - accuracy:  98.89%; precision:  86.45%; recall:  95.25%; FB1:  90.64

2021-12-21 16:28:08,774 - zjc3/train.log - INFO -               ORG: precision:  78.55%; recall:  85.81%; FB1:  82.02  331

2021-12-21 16:28:08,774 - zjc3/train.log - INFO -              ORGS: precision:  88.75%; recall:  97.63%; FB1:  92.98  1484

2021-12-21 16:28:08,774 - zjc3/train.log - INFO -               PER: precision:  81.41%; recall:  92.70%; FB1:  86.69  156

2021-12-21 16:28:18,353 - zjc3/train.log - INFO - iteration:12 step:80/1820, NER loss: 0.373558
2021-12-21 16:28:27,762 - zjc3/train.log - INFO - iteration:12 step:180/1820, NER loss: 0.305730
2021-12-21 16:28:37,222 - zjc3/train.log - INFO - iteration:12 step:280/1820, NER loss: 0.325568
2021-12-21 16:28:46,684 - zjc3/train.log - INFO - iteration:12 step:380/1820, NER loss: 0.299552
2021-12-21 16:28:55,524 - zjc3/train.log - INFO - iteration:12 step:480/1820, NER loss: 0.323804
2021-12-21 16:29:05,001 - zjc3/train.log - INFO - iteration:12 step:580/1820, NER loss: 0.310997
2021-12-21 16:29:15,512 - zjc3/train.log - INFO - iteration:12 step:680/1820, NER loss: 0.362204
2021-12-21 16:29:24,561 - zjc3/train.log - INFO - iteration:12 step:780/1820, NER loss: 0.324072
2021-12-21 16:29:33,407 - zjc3/train.log - INFO - iteration:12 step:880/1820, NER loss: 0.315391
2021-12-21 16:29:42,596 - zjc3/train.log - INFO - iteration:12 step:980/1820, NER loss: 0.330406
2021-12-21 16:29:53,567 - zjc3/train.log - INFO - iteration:12 step:1080/1820, NER loss: 0.341768
2021-12-21 16:30:03,730 - zjc3/train.log - INFO - iteration:12 step:1180/1820, NER loss: 0.364439
2021-12-21 16:30:12,733 - zjc3/train.log - INFO - iteration:12 step:1280/1820, NER loss: 0.337671
2021-12-21 16:30:21,057 - zjc3/train.log - INFO - iteration:12 step:1380/1820, NER loss: 0.316469
2021-12-21 16:30:30,901 - zjc3/train.log - INFO - iteration:12 step:1480/1820, NER loss: 0.355947
2021-12-21 16:30:40,679 - zjc3/train.log - INFO - iteration:12 step:1580/1820, NER loss: 0.359760
2021-12-21 16:30:49,564 - zjc3/train.log - INFO - iteration:12 step:1680/1820, NER loss: 0.311805
2021-12-21 16:30:58,934 - zjc3/train.log - INFO - iteration:12 step:1780/1820, NER loss: 0.334147
2021-12-21 16:31:01,873 - zjc3/train.log - INFO - evaluate:dev
2021-12-21 16:31:11,532 - zjc3/train.log - INFO - processed 170182 tokens with 1789 phrases; found: 1768 phrases; correct: 1624.

2021-12-21 16:31:11,532 - zjc3/train.log - INFO - accuracy:  99.01%; precision:  91.86%; recall:  90.78%; FB1:  91.31

2021-12-21 16:31:11,532 - zjc3/train.log - INFO -               ORG: precision:  89.06%; recall:  75.25%; FB1:  81.57  256

2021-12-21 16:31:11,532 - zjc3/train.log - INFO -              ORGS: precision:  92.49%; recall:  94.96%; FB1:  93.71  1385

2021-12-21 16:31:11,533 - zjc3/train.log - INFO -               PER: precision:  90.55%; recall:  83.94%; FB1:  87.12  127

2021-12-22 03:22:14,931 - zjc3/train.log - INFO - Reading model parameters from zjc3\ner.ckpt
2021-12-24 16:43:13,798 - zjc3/train.log - INFO - Reading model parameters from zjc3\ner.ckpt
